# JRE version: OpenJDK Runtime Environment Temurin-21.0.9+10 (21.0.9+10) (build 21.0.9+10-LTS)
# Java VM: OpenJDK 64-Bit Server VM Temurin-21.0.9+10 (21.0.9+10-LTS, mixed mode, sharing, tiered, compressed oops, compressed class ptrs, parallel gc, windows-amd64)
GC Precious Log:
 CardTable entry size: 512
 CPUs: 4 total, 4 available
 Memory: 3783M
 Large Page Support: Disabled
 NUMA Support: Disabled
 Compressed Oops: Enabled (32-bit)
 Alignments: Space 512K, Generation 512K, Heap 2M
 Heap Min Capacity: 100M
 Heap Initial Capacity: 100M
 Heap Max Capacity: 2G
 Pre-touch: Disabled
 Parallel Workers: 4
Heap:
 PSYoungGen      total 16896K, used 6499K [0x00000000d5580000, 0x00000000d6b00000, 0x0000000100000000)
  eden space 12800K, 20% used [0x00000000d5580000,0x00000000d58030f0,0x00000000d6200000)
  from space 4096K, 95% used [0x00000000d6700000,0x00000000d6ad5b88,0x00000000d6b00000)
  to   space 4096K, 0% used [0x00000000d6300000,0x00000000d6300000,0x00000000d6700000)
 ParOldGen       total 126464K, used 126365K [0x0000000080000000, 0x0000000087b80000, 0x00000000d5580000)
  object space 126464K, 99% used [0x0000000080000000,0x0000000087b674e0,0x0000000087b80000)
 Metaspace       used 78532K, committed 80128K, reserved 1179648K
  class space    used 8835K, committed 9536K, reserved 1048576K
GC Heap History (20 events):
Event: 311.410 GC heap before
{Heap before GC invocations=106 (full 3):
 PSYoungGen      total 17408K, used 17034K [0x00000000d5580000, 0x00000000d6880000, 0x0000000100000000)
  eden space 15872K, 100% used [0x00000000d5580000,0x00000000d6500000,0x00000000d6500000)
  from space 1536K, 75% used [0x00000000d6700000,0x00000000d68229b0,0x00000000d6880000)
  to   space 1536K, 0% used [0x00000000d6580000,0x00000000d6580000,0x00000000d6700000)
 ParOldGen       total 113152K, used 112699K [0x0000000080000000, 0x0000000086e80000, 0x00000000d5580000)
  object space 113152K, 99% used [0x0000000080000000,0x0000000086e0ed78,0x0000000086e80000)
 Metaspace       used 77243K, committed 78912K, reserved 1179648K
  class space    used 8746K, committed 9472K, reserved 1048576K
}
Event: 311.413 GC heap after
{Heap after GC invocations=106 (full 3):
 PSYoungGen      total 17408K, used 1340K [0x00000000d5580000, 0x00000000d6800000, 0x0000000100000000)
  eden space 15872K, 0% used [0x00000000d5580000,0x00000000d5580000,0x00000000d6500000)
  from space 1536K, 87% used [0x00000000d6580000,0x00000000d66cf0d0,0x00000000d6700000)
  to   space 1024K, 0% used [0x00000000d6700000,0x00000000d6700000,0x00000000d6800000)
 ParOldGen       total 114176K, used 113778K [0x0000000080000000, 0x0000000086f80000, 0x00000000d5580000)
  object space 114176K, 99% used [0x0000000080000000,0x0000000086f1c9e0,0x0000000086f80000)
 Metaspace       used 77243K, committed 78912K, reserved 1179648K
  class space    used 8746K, committed 9472K, reserved 1048576K
}
Event: 312.745 GC heap before
{Heap before GC invocations=107 (full 3):
 PSYoungGen      total 17408K, used 17212K [0x00000000d5580000, 0x00000000d6800000, 0x0000000100000000)
  eden space 15872K, 100% used [0x00000000d5580000,0x00000000d6500000,0x00000000d6500000)
  from space 1536K, 87% used [0x00000000d6580000,0x00000000d66cf0d0,0x00000000d6700000)
  to   space 1024K, 0% used [0x00000000d6700000,0x00000000d6700000,0x00000000d6800000)
 ParOldGen       total 114176K, used 113778K [0x0000000080000000, 0x0000000086f80000, 0x00000000d5580000)
  object space 114176K, 99% used [0x0000000080000000,0x0000000086f1c9e0,0x0000000086f80000)
 Metaspace       used 77455K, committed 79104K, reserved 1179648K
  class space    used 8758K, committed 9472K, reserved 1048576K
}
Event: 312.749 GC heap after
{Heap after GC invocations=107 (full 3):
 PSYoungGen      total 15360K, used 1003K [0x00000000d5580000, 0x00000000d6c00000, 0x0000000100000000)
  eden space 14336K, 0% used [0x00000000d5580000,0x00000000d5580000,0x00000000d6380000)
  from space 1024K, 98% used [0x00000000d6700000,0x00000000d67fae28,0x00000000d6800000)
  to   space 3584K, 0% used [0x00000000d6380000,0x00000000d6380000,0x00000000d6700000)
 ParOldGen       total 115712K, used 115653K [0x0000000080000000, 0x0000000087100000, 0x00000000d5580000)
  object space 115712K, 99% used [0x0000000080000000,0x00000000870f1758,0x0000000087100000)
 Metaspace       used 77455K, committed 79104K, reserved 1179648K
  class space    used 8758K, committed 9472K, reserved 1048576K
}
Event: 313.121 GC heap before
{Heap before GC invocations=108 (full 3):
 PSYoungGen      total 15360K, used 15339K [0x00000000d5580000, 0x00000000d6c00000, 0x0000000100000000)
  eden space 14336K, 100% used [0x00000000d5580000,0x00000000d6380000,0x00000000d6380000)
  from space 1024K, 98% used [0x00000000d6700000,0x00000000d67fae28,0x00000000d6800000)
  to   space 3584K, 0% used [0x00000000d6380000,0x00000000d6380000,0x00000000d6700000)
 ParOldGen       total 115712K, used 115653K [0x0000000080000000, 0x0000000087100000, 0x00000000d5580000)
  object space 115712K, 99% used [0x0000000080000000,0x00000000870f1758,0x0000000087100000)
 Metaspace       used 77523K, committed 79168K, reserved 1179648K
  class space    used 8758K, committed 9472K, reserved 1048576K
}
Event: 313.124 GC heap after
{Heap after GC invocations=108 (full 3):
 PSYoungGen      total 15872K, used 1408K [0x00000000d5580000, 0x00000000d6780000, 0x0000000100000000)
  eden space 14336K, 0% used [0x00000000d5580000,0x00000000d5580000,0x00000000d6380000)
  from space 1536K, 91% used [0x00000000d6380000,0x00000000d64e0020,0x00000000d6500000)
  to   space 2048K, 0% used [0x00000000d6580000,0x00000000d6580000,0x00000000d6780000)
 ParOldGen       total 116736K, used 116676K [0x0000000080000000, 0x0000000087200000, 0x00000000d5580000)
  object space 116736K, 99% used [0x0000000080000000,0x00000000871f1360,0x0000000087200000)
 Metaspace       used 77523K, committed 79168K, reserved 1179648K
  class space    used 8758K, committed 9472K, reserved 1048576K
}
Event: 314.157 GC heap before
{Heap before GC invocations=109 (full 3):
 PSYoungGen      total 15872K, used 15744K [0x00000000d5580000, 0x00000000d6780000, 0x0000000100000000)
  eden space 14336K, 100% used [0x00000000d5580000,0x00000000d6380000,0x00000000d6380000)
  from space 1536K, 91% used [0x00000000d6380000,0x00000000d64e0020,0x00000000d6500000)
  to   space 2048K, 0% used [0x00000000d6580000,0x00000000d6580000,0x00000000d6780000)
 ParOldGen       total 116736K, used 116676K [0x0000000080000000, 0x0000000087200000, 0x00000000d5580000)
  object space 116736K, 99% used [0x0000000080000000,0x00000000871f1360,0x0000000087200000)
 Metaspace       used 77667K, committed 79296K, reserved 1179648K
  class space    used 8760K, committed 9472K, reserved 1048576K
}
Event: 314.160 GC heap after
{Heap after GC invocations=109 (full 3):
 PSYoungGen      total 15872K, used 1460K [0x00000000d5580000, 0x00000000d6700000, 0x0000000100000000)
  eden space 14336K, 0% used [0x00000000d5580000,0x00000000d5580000,0x00000000d6380000)
  from space 1536K, 95% used [0x00000000d6580000,0x00000000d66ed240,0x00000000d6700000)
  to   space 1536K, 0% used [0x00000000d6380000,0x00000000d6380000,0x00000000d6500000)
 ParOldGen       total 118272K, used 117980K [0x0000000080000000, 0x0000000087380000, 0x00000000d5580000)
  object space 118272K, 99% used [0x0000000080000000,0x00000000873373e0,0x0000000087380000)
 Metaspace       used 77667K, committed 79296K, reserved 1179648K
  class space    used 8760K, committed 9472K, reserved 1048576K
}
Event: 314.611 GC heap before
{Heap before GC invocations=110 (full 3):
 PSYoungGen      total 15872K, used 15796K [0x00000000d5580000, 0x00000000d6700000, 0x0000000100000000)
  eden space 14336K, 100% used [0x00000000d5580000,0x00000000d6380000,0x00000000d6380000)
  from space 1536K, 95% used [0x00000000d6580000,0x00000000d66ed240,0x00000000d6700000)
  to   space 1536K, 0% used [0x00000000d6380000,0x00000000d6380000,0x00000000d6500000)
 ParOldGen       total 118272K, used 117980K [0x0000000080000000, 0x0000000087380000, 0x00000000d5580000)
  object space 118272K, 99% used [0x0000000080000000,0x00000000873373e0,0x0000000087380000)
 Metaspace       used 77701K, committed 79296K, reserved 1179648K
  class space    used 8760K, committed 9472K, reserved 1048576K
}
Event: 314.621 GC heap after
{Heap after GC invocations=110 (full 3):
 PSYoungGen      total 15872K, used 880K [0x00000000d5580000, 0x00000000d6680000, 0x0000000100000000)
  eden space 14336K, 0% used [0x00000000d5580000,0x00000000d5580000,0x00000000d6380000)
  from space 1536K, 57% used [0x00000000d6380000,0x00000000d645c030,0x00000000d6500000)
  to   space 1536K, 0% used [0x00000000d6500000,0x00000000d6500000,0x00000000d6680000)
 ParOldGen       total 119808K, used 119370K [0x0000000080000000, 0x0000000087500000, 0x00000000d5580000)
  object space 119808K, 99% used [0x0000000080000000,0x0000000087492970,0x0000000087500000)
 Metaspace       used 77701K, committed 79296K, reserved 1179648K
  class space    used 8760K, committed 9472K, reserved 1048576K
}
Event: 314.996 GC heap before
{Heap before GC invocations=111 (full 3):
 PSYoungGen      total 15872K, used 15216K [0x00000000d5580000, 0x00000000d6680000, 0x0000000100000000)
  eden space 14336K, 100% used [0x00000000d5580000,0x00000000d6380000,0x00000000d6380000)
  from space 1536K, 57% used [0x00000000d6380000,0x00000000d645c030,0x00000000d6500000)
  to   space 1536K, 0% used [0x00000000d6500000,0x00000000d6500000,0x00000000d6680000)
 ParOldGen       total 119808K, used 119370K [0x0000000080000000, 0x0000000087500000, 0x00000000d5580000)
  object space 119808K, 99% used [0x0000000080000000,0x0000000087492970,0x0000000087500000)
 Metaspace       used 77796K, committed 79424K, reserved 1179648K
  class space    used 8761K, committed 9472K, reserved 1048576K
}
Event: 315.000 GC heap after
{Heap after GC invocations=111 (full 3):
 PSYoungGen      total 14336K, used 1506K [0x00000000d5580000, 0x00000000d6980000, 0x0000000100000000)
  eden space 12800K, 0% used [0x00000000d5580000,0x00000000d5580000,0x00000000d6200000)
  from space 1536K, 98% used [0x00000000d6500000,0x00000000d6678aa8,0x00000000d6680000)
  to   space 3072K, 0% used [0x00000000d6200000,0x00000000d6200000,0x00000000d6500000)
 ParOldGen       total 120832K, used 120386K [0x0000000080000000, 0x0000000087600000, 0x00000000d5580000)
  object space 120832K, 99% used [0x0000000080000000,0x00000000875909f0,0x0000000087600000)
 Metaspace       used 77796K, committed 79424K, reserved 1179648K
  class space    used 8761K, committed 9472K, reserved 1048576K
}
Event: 315.433 GC heap before
{Heap before GC invocations=112 (full 3):
 PSYoungGen      total 14336K, used 14306K [0x00000000d5580000, 0x00000000d6980000, 0x0000000100000000)
  eden space 12800K, 100% used [0x00000000d5580000,0x00000000d6200000,0x00000000d6200000)
  from space 1536K, 98% used [0x00000000d6500000,0x00000000d6678aa8,0x00000000d6680000)
  to   space 3072K, 0% used [0x00000000d6200000,0x00000000d6200000,0x00000000d6500000)
 ParOldGen       total 120832K, used 120386K [0x0000000080000000, 0x0000000087600000, 0x00000000d5580000)
  object space 120832K, 99% used [0x0000000080000000,0x00000000875909f0,0x0000000087600000)
 Metaspace       used 77908K, committed 79552K, reserved 1179648K
  class space    used 8762K, committed 9472K, reserved 1048576K
}
Event: 315.437 GC heap after
{Heap after GC invocations=112 (full 3):
 PSYoungGen      total 13824K, used 660K [0x00000000d5580000, 0x00000000d6580000, 0x0000000100000000)
  eden space 12800K, 0% used [0x00000000d5580000,0x00000000d5580000,0x00000000d6200000)
  from space 1024K, 64% used [0x00000000d6200000,0x00000000d62a5100,0x00000000d6300000)
  to   space 1536K, 0% used [0x00000000d6400000,0x00000000d6400000,0x00000000d6580000)
 ParOldGen       total 121856K, used 121666K [0x0000000080000000, 0x0000000087700000, 0x00000000d5580000)
  object space 121856K, 99% used [0x0000000080000000,0x00000000876d0ab8,0x0000000087700000)
 Metaspace       used 77908K, committed 79552K, reserved 1179648K
  class space    used 8762K, committed 9472K, reserved 1048576K
}
Event: 478.304 GC heap before
{Heap before GC invocations=113 (full 3):
 PSYoungGen      total 13824K, used 13460K [0x00000000d5580000, 0x00000000d6580000, 0x0000000100000000)
  eden space 12800K, 100% used [0x00000000d5580000,0x00000000d6200000,0x00000000d6200000)
  from space 1024K, 64% used [0x00000000d6200000,0x00000000d62a5100,0x00000000d6300000)
  to   space 1536K, 0% used [0x00000000d6400000,0x00000000d6400000,0x00000000d6580000)
 ParOldGen       total 121856K, used 121666K [0x0000000080000000, 0x0000000087700000, 0x00000000d5580000)
  object space 121856K, 99% used [0x0000000080000000,0x00000000876d0ab8,0x0000000087700000)
 Metaspace       used 78261K, committed 79872K, reserved 1179648K
  class space    used 8800K, committed 9536K, reserved 1048576K
}
Event: 478.391 GC heap after
{Heap after GC invocations=113 (full 3):
 PSYoungGen      total 13312K, used 218K [0x00000000d5580000, 0x00000000d6480000, 0x0000000100000000)
  eden space 12800K, 0% used [0x00000000d5580000,0x00000000d5580000,0x00000000d6200000)
  from space 512K, 42% used [0x00000000d6400000,0x00000000d6436920,0x00000000d6480000)
  to   space 512K, 0% used [0x00000000d6380000,0x00000000d6380000,0x00000000d6400000)
 ParOldGen       total 122368K, used 122136K [0x0000000080000000, 0x0000000087780000, 0x00000000d5580000)
  object space 122368K, 99% used [0x0000000080000000,0x0000000087746258,0x0000000087780000)
 Metaspace       used 78261K, committed 79872K, reserved 1179648K
  class space    used 8800K, committed 9536K, reserved 1048576K
}
Event: 479.260 GC heap before
{Heap before GC invocations=114 (full 3):
 PSYoungGen      total 13312K, used 13018K [0x00000000d5580000, 0x00000000d6480000, 0x0000000100000000)
  eden space 12800K, 100% used [0x00000000d5580000,0x00000000d6200000,0x00000000d6200000)
  from space 512K, 42% used [0x00000000d6400000,0x00000000d6436920,0x00000000d6480000)
  to   space 512K, 0% used [0x00000000d6380000,0x00000000d6380000,0x00000000d6400000)
 ParOldGen       total 122368K, used 122136K [0x0000000080000000, 0x0000000087780000, 0x00000000d5580000)
  object space 122368K, 99% used [0x0000000080000000,0x0000000087746258,0x0000000087780000)
 Metaspace       used 78380K, committed 80000K, reserved 1179648K
  class space    used 8808K, committed 9536K, reserved 1048576K
}
Event: 479.266 GC heap after
{Heap after GC invocations=114 (full 3):
 PSYoungGen      total 13312K, used 499K [0x00000000d5580000, 0x00000000d6c00000, 0x0000000100000000)
  eden space 12800K, 0% used [0x00000000d5580000,0x00000000d5580000,0x00000000d6200000)
  from space 512K, 97% used [0x00000000d6380000,0x00000000d63fcc50,0x00000000d6400000)
  to   space 5120K, 0% used [0x00000000d6700000,0x00000000d6700000,0x00000000d6c00000)
 ParOldGen       total 125952K, used 125847K [0x0000000080000000, 0x0000000087b00000, 0x00000000d5580000)
  object space 125952K, 99% used [0x0000000080000000,0x0000000087ae5f40,0x0000000087b00000)
 Metaspace       used 78380K, committed 80000K, reserved 1179648K
  class space    used 8808K, committed 9536K, reserved 1048576K
}
Event: 480.040 GC heap before
{Heap before GC invocations=115 (full 3):
 PSYoungGen      total 13312K, used 13299K [0x00000000d5580000, 0x00000000d6c00000, 0x0000000100000000)
  eden space 12800K, 100% used [0x00000000d5580000,0x00000000d6200000,0x00000000d6200000)
  from space 512K, 97% used [0x00000000d6380000,0x00000000d63fcc50,0x00000000d6400000)
  to   space 5120K, 0% used [0x00000000d6700000,0x00000000d6700000,0x00000000d6c00000)
 ParOldGen       total 125952K, used 125847K [0x0000000080000000, 0x0000000087b00000, 0x00000000d5580000)
  object space 125952K, 99% used [0x0000000080000000,0x0000000087ae5f40,0x0000000087b00000)
 Metaspace       used 78475K, committed 80064K, reserved 1179648K
  class space    used 8833K, committed 9536K, reserved 1048576K
}
Event: 480.045 GC heap after
{Heap after GC invocations=115 (full 3):
 PSYoungGen      total 16896K, used 3926K [0x00000000d5580000, 0x00000000d6b00000, 0x0000000100000000)
  eden space 12800K, 0% used [0x00000000d5580000,0x00000000d5580000,0x00000000d6200000)
  from space 4096K, 95% used [0x00000000d6700000,0x00000000d6ad5b88,0x00000000d6b00000)
  to   space 4096K, 0% used [0x00000000d6300000,0x00000000d6300000,0x00000000d6700000)
 ParOldGen       total 126464K, used 126365K [0x0000000080000000, 0x0000000087b80000, 0x00000000d5580000)
  object space 126464K, 99% used [0x0000000080000000,0x0000000087b674e0,0x0000000087b80000)
 Metaspace       used 78475K, committed 80064K, reserved 1179648K
  class space    used 8833K, committed 9536K, reserved 1048576K
}

